# JRE version: OpenJDK Runtime Environment (8.0_191-b12) (build 1.8.0_191-8u191-b12-2ubuntu0.18.04.1-b12)
# Java VM: OpenJDK 64-Bit Server VM (25.191-b12 mixed mode linux-amd64 compressed oops)
Heap:
 PSYoungGen      total 182272K, used 0K [0x00000000d6f00000, 0x00000000f0e80000, 0x0000000100000000)
  eden space 91136K, 0% used [0x00000000d6f00000,0x00000000d6f00000,0x00000000dc800000)
  from space 91136K, 0% used [0x00000000e4680000,0x00000000e4680000,0x00000000e9f80000)
  to   space 129536K, 0% used [0x00000000dc800000,0x00000000dc800000,0x00000000e4680000)
 ParOldGen       total 490496K, used 455548K [0x0000000084c00000, 0x00000000a2b00000, 0x00000000d6f00000)
  object space 490496K, 92% used [0x0000000084c00000,0x00000000a08df038,0x00000000a2b00000)
 Metaspace       used 2532K, capacity 4490K, committed 4864K, reserved 1056768K
  class space    used 267K, capacity 386K, committed 512K, reserved 1048576K
GC Heap History (10 events):
Event: 5.765 GC heap after
Heap after GC invocations=5 (full 1):
 PSYoungGen      total 98304K, used 5120K [0x00000000d6f00000, 0x00000000df500000, 0x0000000100000000)
  eden space 93184K, 0% used [0x00000000d6f00000,0x00000000d6f00000,0x00000000dca00000)
  from space 5120K, 100% used [0x00000000df000000,0x00000000df500000,0x00000000df500000)
  to   space 5120K, 0% used [0x00000000deb00000,0x00000000deb00000,0x00000000df000000)
 ParOldGen       total 188928K, used 150824K [0x0000000084c00000, 0x0000000090480000, 0x00000000d6f00000)
  object space 188928K, 79% used [0x0000000084c00000,0x000000008df4a150,0x0000000090480000)
 Metaspace       used 2532K, capacity 4490K, committed 4864K, reserved 1056768K
  class space    used 267K, capacity 386K, committed 512K, reserved 1048576K
}
Event: 5.772 GC heap before
{Heap before GC invocations=6 (full 2):
 PSYoungGen      total 98304K, used 5120K [0x00000000d6f00000, 0x00000000df500000, 0x0000000100000000)
  eden space 93184K, 0% used [0x00000000d6f00000,0x00000000d6f00000,0x00000000dca00000)
  from space 5120K, 100% used [0x00000000df000000,0x00000000df500000,0x00000000df500000)
  to   space 5120K, 0% used [0x00000000deb00000,0x00000000deb00000,0x00000000df000000)
 ParOldGen       total 188928K, used 150824K [0x0000000084c00000, 0x0000000090480000, 0x00000000d6f00000)
  object space 188928K, 79% used [0x0000000084c00000,0x000000008df4a150,0x0000000090480000)
 Metaspace       used 2532K, capacity 4490K, committed 4864K, reserved 1056768K
  class space    used 267K, capacity 386K, committed 512K, reserved 1048576K
Event: 9.379 GC heap after
Heap after GC invocations=6 (full 2):
 PSYoungGen      total 98304K, used 0K [0x00000000d6f00000, 0x00000000df500000, 0x0000000100000000)
  eden space 93184K, 0% used [0x00000000d6f00000,0x00000000d6f00000,0x00000000dca00000)
  from space 5120K, 0% used [0x00000000df000000,0x00000000df000000,0x00000000df500000)
  to   space 5120K, 0% used [0x00000000deb00000,0x00000000deb00000,0x00000000df000000)
 ParOldGen       total 295424K, used 139786K [0x0000000084c00000, 0x0000000096c80000, 0x00000000d6f00000)
  object space 295424K, 47% used [0x0000000084c00000,0x000000008d482960,0x0000000096c80000)
 Metaspace       used 2532K, capacity 4490K, committed 4864K, reserved 1056768K
  class space    used 267K, capacity 386K, committed 512K, reserved 1048576K
}
Event: 11.105 GC heap before
{Heap before GC invocations=7 (full 2):
 PSYoungGen      total 98304K, used 93184K [0x00000000d6f00000, 0x00000000df500000, 0x0000000100000000)
  eden space 93184K, 100% used [0x00000000d6f00000,0x00000000dca00000,0x00000000dca00000)
  from space 5120K, 0% used [0x00000000df000000,0x00000000df000000,0x00000000df500000)
  to   space 5120K, 0% used [0x00000000deb00000,0x00000000deb00000,0x00000000df000000)
 ParOldGen       total 295424K, used 193868K [0x0000000084c00000, 0x0000000096c80000, 0x00000000d6f00000)
  object space 295424K, 65% used [0x0000000084c00000,0x00000000909533e8,0x0000000096c80000)
 Metaspace       used 2532K, capacity 4490K, committed 4864K, reserved 1056768K
  class space    used 267K, capacity 386K, committed 512K, reserved 1048576K
Event: 12.464 GC heap after
Heap after GC invocations=7 (full 2):
 PSYoungGen      total 132096K, used 5120K [0x00000000d6f00000, 0x00000000e9f80000, 0x0000000100000000)
  eden space 126976K, 0% used [0x00000000d6f00000,0x00000000d6f00000,0x00000000deb00000)
  from space 5120K, 100% used [0x00000000deb00000,0x00000000df000000,0x00000000df000000)
  to   space 91136K, 0% used [0x00000000e4680000,0x00000000e4680000,0x00000000e9f80000)
 ParOldGen       total 295424K, used 282124K [0x0000000084c00000, 0x0000000096c80000, 0x00000000d6f00000)
  object space 295424K, 95% used [0x0000000084c00000,0x0000000095f833e8,0x0000000096c80000)
 Metaspace       used 2532K, capacity 4490K, committed 4864K, reserved 1056768K
  class space    used 267K, capacity 386K, committed 512K, reserved 1048576K
}
Event: 12.464 GC heap before
{Heap before GC invocations=8 (full 3):
 PSYoungGen      total 132096K, used 5120K [0x00000000d6f00000, 0x00000000e9f80000, 0x0000000100000000)
  eden space 126976K, 0% used [0x00000000d6f00000,0x00000000d6f00000,0x00000000deb00000)
  from space 5120K, 100% used [0x00000000deb00000,0x00000000df000000,0x00000000df000000)
  to   space 91136K, 0% used [0x00000000e4680000,0x00000000e4680000,0x00000000e9f80000)
 ParOldGen       total 295424K, used 282124K [0x0000000084c00000, 0x0000000096c80000, 0x00000000d6f00000)
  object space 295424K, 95% used [0x0000000084c00000,0x0000000095f833e8,0x0000000096c80000)
 Metaspace       used 2532K, capacity 4490K, committed 4864K, reserved 1056768K
  class space    used 267K, capacity 386K, committed 512K, reserved 1048576K
Event: 17.803 GC heap after
Heap after GC invocations=8 (full 3):
 PSYoungGen      total 132096K, used 0K [0x00000000d6f00000, 0x00000000e9f80000, 0x0000000100000000)
  eden space 126976K, 0% used [0x00000000d6f00000,0x00000000d6f00000,0x00000000deb00000)
  from space 5120K, 0% used [0x00000000deb00000,0x00000000deb00000,0x00000000df000000)
  to   space 91136K, 0% used [0x00000000e4680000,0x00000000e4680000,0x00000000e9f80000)
 ParOldGen       total 490496K, used 250958K [0x0000000084c00000, 0x00000000a2b00000, 0x00000000d6f00000)
  object space 490496K, 51% used [0x0000000084c00000,0x00000000941138e0,0x00000000a2b00000)
 Metaspace       used 2532K, capacity 4490K, committed 4864K, reserved 1056768K
  class space    used 267K, capacity 386K, committed 512K, reserved 1048576K
}
Event: 17.970 GC heap before
{Heap before GC invocations=9 (full 3):
 PSYoungGen      total 132096K, used 126976K [0x00000000d6f00000, 0x00000000e9f80000, 0x0000000100000000)
  eden space 126976K, 100% used [0x00000000d6f00000,0x00000000deb00000,0x00000000deb00000)
  from space 5120K, 0% used [0x00000000deb00000,0x00000000deb00000,0x00000000df000000)
  to   space 91136K, 0% used [0x00000000e4680000,0x00000000e4680000,0x00000000e9f80000)
 ParOldGen       total 490496K, used 250958K [0x0000000084c00000, 0x00000000a2b00000, 0x00000000d6f00000)
  object space 490496K, 51% used [0x0000000084c00000,0x00000000941138e0,0x00000000a2b00000)
 Metaspace       used 2532K, capacity 4490K, committed 4864K, reserved 1056768K
  class space    used 267K, capacity 386K, committed 512K, reserved 1048576K
Event: 18.436 GC heap after
Heap after GC invocations=9 (full 3):
 PSYoungGen      total 182272K, used 91107K [0x00000000d6f00000, 0x00000000f0e80000, 0x0000000100000000)
  eden space 91136K, 0% used [0x00000000d6f00000,0x00000000d6f00000,0x00000000dc800000)
  from space 91136K, 99% used [0x00000000e4680000,0x00000000e9f78fc8,0x00000000e9f80000)
  to   space 129536K, 0% used [0x00000000dc800000,0x00000000dc800000,0x00000000e4680000)
 ParOldGen       total 490496K, used 286918K [0x0000000084c00000, 0x00000000a2b00000, 0x00000000d6f00000)
  object space 490496K, 58% used [0x0000000084c00000,0x00000000964318e0,0x00000000a2b00000)
 Metaspace       used 2532K, capacity 4490K, committed 4864K, reserved 1056768K
  class space    used 267K, capacity 386K, committed 512K, reserved 1048576K
}
Event: 18.639 GC heap before
{Heap before GC invocations=10 (full 4):
 PSYoungGen      total 182272K, used 182243K [0x00000000d6f00000, 0x00000000f0e80000, 0x0000000100000000)
  eden space 91136K, 100% used [0x00000000d6f00000,0x00000000dc800000,0x00000000dc800000)
  from space 91136K, 99% used [0x00000000e4680000,0x00000000e9f78fc8,0x00000000e9f80000)
  to   space 129536K, 0% used [0x00000000dc800000,0x00000000dc800000,0x00000000e4680000)
 ParOldGen       total 490496K, used 408604K [0x0000000084c00000, 0x00000000a2b00000, 0x00000000d6f00000)
  object space 490496K, 83% used [0x0000000084c00000,0x000000009db07080,0x00000000a2b00000)
 Metaspace       used 2532K, capacity 4490K, committed 4864K, reserved 1056768K
  class space    used 267K, capacity 386K, committed 512K, reserved 1048576K

