# JRE version: OpenJDK Runtime Environment (8.0_191-b12) (build 1.8.0_191-8u191-b12-2ubuntu0.18.04.1-b12)
# Java VM: OpenJDK 64-Bit Server VM (25.191-b12 mixed mode linux-amd64 compressed oops)
Heap:
 PSYoungGen      total 101888K, used 0K [0x00000000d6f00000, 0x00000000df500000, 0x0000000100000000)
  eden space 96768K, 0% used [0x00000000d6f00000,0x00000000d6f00000,0x00000000dcd80000)
  from space 5120K, 0% used [0x00000000df000000,0x00000000df000000,0x00000000df500000)
  to   space 5120K, 0% used [0x00000000deb00000,0x00000000deb00000,0x00000000df000000)
 ParOldGen       total 188416K, used 139787K [0x0000000084c00000, 0x0000000090400000, 0x00000000d6f00000)
  object space 188416K, 74% used [0x0000000084c00000,0x000000008d482dd0,0x0000000090400000)
 Metaspace       used 2531K, capacity 4490K, committed 4864K, reserved 1056768K
  class space    used 267K, capacity 386K, committed 512K, reserved 1048576K
GC Heap History (10 events):
Event: 0.440 GC heap after
Heap after GC invocations=1 (full 0):
 PSYoungGen      total 36864K, used 5100K [0x00000000d6f00000, 0x00000000db700000, 0x0000000100000000)
  eden space 31744K, 0% used [0x00000000d6f00000,0x00000000d6f00000,0x00000000d8e00000)
  from space 5120K, 99% used [0x00000000d8e00000,0x00000000d92fb030,0x00000000d9300000)
  to   space 5120K, 0% used [0x00000000db200000,0x00000000db200000,0x00000000db700000)
 ParOldGen       total 84992K, used 16440K [0x0000000084c00000, 0x0000000089f00000, 0x00000000d6f00000)
  object space 84992K, 19% used [0x0000000084c00000,0x0000000085c0e000,0x0000000089f00000)
 Metaspace       used 2531K, capacity 4490K, committed 4864K, reserved 1056768K
  class space    used 267K, capacity 386K, committed 512K, reserved 1048576K
}
Event: 0.461 GC heap before
{Heap before GC invocations=2 (full 0):
 PSYoungGen      total 36864K, used 36844K [0x00000000d6f00000, 0x00000000db700000, 0x0000000100000000)
  eden space 31744K, 100% used [0x00000000d6f00000,0x00000000d8e00000,0x00000000d8e00000)
  from space 5120K, 99% used [0x00000000d8e00000,0x00000000d92fb030,0x00000000d9300000)
  to   space 5120K, 0% used [0x00000000db200000,0x00000000db200000,0x00000000db700000)
 ParOldGen       total 84992K, used 16440K [0x0000000084c00000, 0x0000000089f00000, 0x00000000d6f00000)
  object space 84992K, 19% used [0x0000000084c00000,0x0000000085c0e000,0x0000000089f00000)
 Metaspace       used 2531K, capacity 4490K, committed 4864K, reserved 1056768K
  class space    used 267K, capacity 386K, committed 512K, reserved 1048576K
Event: 0.559 GC heap after
Heap after GC invocations=2 (full 0):
 PSYoungGen      total 68608K, used 5104K [0x00000000d6f00000, 0x00000000db700000, 0x0000000100000000)
  eden space 63488K, 0% used [0x00000000d6f00000,0x00000000d6f00000,0x00000000dad00000)
  from space 5120K, 99% used [0x00000000db200000,0x00000000db6fc010,0x00000000db700000)
  to   space 5120K, 0% used [0x00000000dad00000,0x00000000dad00000,0x00000000db200000)
 ParOldGen       total 84992K, used 36339K [0x0000000084c00000, 0x0000000089f00000, 0x00000000d6f00000)
  object space 84992K, 42% used [0x0000000084c00000,0x0000000086f7cc08,0x0000000089f00000)
 Metaspace       used 2531K, capacity 4490K, committed 4864K, reserved 1056768K
  class space    used 267K, capacity 386K, committed 512K, reserved 1048576K
}
Event: 0.661 GC heap before
{Heap before GC invocations=3 (full 0):
 PSYoungGen      total 68608K, used 55188K [0x00000000d6f00000, 0x00000000db700000, 0x0000000100000000)
  eden space 63488K, 78% used [0x00000000d6f00000,0x00000000d9fe9188,0x00000000dad00000)
  from space 5120K, 99% used [0x00000000db200000,0x00000000db6fc010,0x00000000db700000)
  to   space 5120K, 0% used [0x00000000dad00000,0x00000000dad00000,0x00000000db200000)
 ParOldGen       total 84992K, used 36339K [0x0000000084c00000, 0x0000000089f00000, 0x00000000d6f00000)
  object space 84992K, 42% used [0x0000000084c00000,0x0000000086f7cc08,0x0000000089f00000)
 Metaspace       used 2531K, capacity 4490K, committed 4864K, reserved 1056768K
  class space    used 267K, capacity 386K, committed 512K, reserved 1048576K
Event: 0.920 GC heap after
Heap after GC invocations=3 (full 0):
 PSYoungGen      total 68608K, used 5104K [0x00000000d6f00000, 0x00000000df500000, 0x0000000100000000)
  eden space 63488K, 0% used [0x00000000d6f00000,0x00000000d6f00000,0x00000000dad00000)
  from space 5120K, 99% used [0x00000000dad00000,0x00000000db1fc010,0x00000000db200000)
  to   space 5120K, 0% used [0x00000000df000000,0x00000000df000000,0x00000000df500000)
 ParOldGen       total 86528K, used 86019K [0x0000000084c00000, 0x000000008a080000, 0x00000000d6f00000)
  object space 86528K, 99% used [0x0000000084c00000,0x000000008a000e08,0x000000008a080000)
 Metaspace       used 2531K, capacity 4490K, committed 4864K, reserved 1056768K
  class space    used 267K, capacity 386K, committed 512K, reserved 1048576K
}
Event: 0.920 GC heap before
{Heap before GC invocations=4 (full 1):
 PSYoungGen      total 68608K, used 5104K [0x00000000d6f00000, 0x00000000df500000, 0x0000000100000000)
  eden space 63488K, 0% used [0x00000000d6f00000,0x00000000d6f00000,0x00000000dad00000)
  from space 5120K, 99% used [0x00000000dad00000,0x00000000db1fc010,0x00000000db200000)
  to   space 5120K, 0% used [0x00000000df000000,0x00000000df000000,0x00000000df500000)
 ParOldGen       total 86528K, used 86019K [0x0000000084c00000, 0x000000008a080000, 0x00000000d6f00000)
  object space 86528K, 99% used [0x0000000084c00000,0x000000008a000e08,0x000000008a080000)
 Metaspace       used 2531K, capacity 4490K, committed 4864K, reserved 1056768K
  class space    used 267K, capacity 386K, committed 512K, reserved 1048576K
Event: 4.096 GC heap after
Heap after GC invocations=4 (full 1):
 PSYoungGen      total 68608K, used 0K [0x00000000d6f00000, 0x00000000df500000, 0x0000000100000000)
  eden space 63488K, 0% used [0x00000000d6f00000,0x00000000d6f00000,0x00000000dad00000)
  from space 5120K, 0% used [0x00000000dad00000,0x00000000dad00000,0x00000000db200000)
  to   space 5120K, 0% used [0x00000000df000000,0x00000000df000000,0x00000000df500000)
 ParOldGen       total 188416K, used 80306K [0x0000000084c00000, 0x0000000090400000, 0x00000000d6f00000)
  object space 188416K, 42% used [0x0000000084c00000,0x0000000089a6c960,0x0000000090400000)
 Metaspace       used 2531K, capacity 4490K, committed 4864K, reserved 1056768K
  class space    used 267K, capacity 386K, committed 512K, reserved 1048576K
}
Event: 4.282 GC heap before
{Heap before GC invocations=5 (full 1):
 PSYoungGen      total 68608K, used 63488K [0x00000000d6f00000, 0x00000000df500000, 0x0000000100000000)
  eden space 63488K, 100% used [0x00000000d6f00000,0x00000000dad00000,0x00000000dad00000)
  from space 5120K, 0% used [0x00000000dad00000,0x00000000dad00000,0x00000000db200000)
  to   space 5120K, 0% used [0x00000000df000000,0x00000000df000000,0x00000000df500000)
 ParOldGen       total 188416K, used 116361K [0x0000000084c00000, 0x0000000090400000, 0x00000000d6f00000)
  object space 188416K, 61% used [0x0000000084c00000,0x000000008bda25c0,0x0000000090400000)
 Metaspace       used 2531K, capacity 4490K, committed 4864K, reserved 1056768K
  class space    used 267K, capacity 386K, committed 512K, reserved 1048576K
Event: 5.816 GC heap after
Heap after GC invocations=5 (full 1):
 PSYoungGen      total 101888K, used 5120K [0x00000000d6f00000, 0x00000000df500000, 0x0000000100000000)
  eden space 96768K, 0% used [0x00000000d6f00000,0x00000000d6f00000,0x00000000dcd80000)
  from space 5120K, 100% used [0x00000000df000000,0x00000000df500000,0x00000000df500000)
  to   space 5120K, 0% used [0x00000000deb00000,0x00000000deb00000,0x00000000df000000)
 ParOldGen       total 188416K, used 150769K [0x0000000084c00000, 0x0000000090400000, 0x00000000d6f00000)
  object space 188416K, 80% used [0x0000000084c00000,0x000000008df3c5c0,0x0000000090400000)
 Metaspace       used 2531K, capacity 4490K, committed 4864K, reserved 1056768K
  class space    used 267K, capacity 386K, committed 512K, reserved 1048576K
}
Event: 5.867 GC heap before
{Heap before GC invocations=6 (full 2):
 PSYoungGen      total 101888K, used 5120K [0x00000000d6f00000, 0x00000000df500000, 0x0000000100000000)
  eden space 96768K, 0% used [0x00000000d6f00000,0x00000000d6f00000,0x00000000dcd80000)
  from space 5120K, 100% used [0x00000000df000000,0x00000000df500000,0x00000000df500000)
  to   space 5120K, 0% used [0x00000000deb00000,0x00000000deb00000,0x00000000df000000)
 ParOldGen       total 188416K, used 150769K [0x0000000084c00000, 0x0000000090400000, 0x00000000d6f00000)
  object space 188416K, 80% used [0x0000000084c00000,0x000000008df3c5c0,0x0000000090400000)
 Metaspace       used 2531K, capacity 4490K, committed 4864K, reserved 1056768K
  class space    used 267K, capacity 386K, committed 512K, reserved 1048576K

